** Drc report for motion-play-main.kicad_pcb **
** Created on 2026-03-15T19:05:01-0700 **

** Found 24 DRC violations **
[annular_width]: Annular width (board setup constraints min annular width 0.1300 mm; actual 0.0962 mm)
    Rule: board setup constraints; error
    @(83.5960 mm, 134.6700 mm): PTH pad [GND] of U6
[annular_width]: Annular width (board setup constraints min annular width 0.1300 mm; actual 0.0962 mm)
    Rule: board setup constraints; error
    @(82.8260 mm, 133.9200 mm): PTH pad [GND] of U6
[annular_width]: Annular width (board setup constraints min annular width 0.1300 mm; actual 0.0962 mm)
    Rule: board setup constraints; error
    @(83.5960 mm, 133.9200 mm): PTH pad [GND] of U6
[annular_width]: Annular width (board setup constraints min annular width 0.1300 mm; actual 0.0962 mm)
    Rule: board setup constraints; error
    @(84.3660 mm, 133.9200 mm): PTH pad [GND] of U6
[annular_width]: Annular width (board setup constraints min annular width 0.1300 mm; actual 0.0962 mm)
    Rule: board setup constraints; error
    @(82.8260 mm, 132.8700 mm): PTH pad [GND] of U6
[annular_width]: Annular width (board setup constraints min annular width 0.1300 mm; actual 0.0962 mm)
    Rule: board setup constraints; error
    @(83.5960 mm, 132.8700 mm): PTH pad [GND] of U6
[annular_width]: Annular width (board setup constraints min annular width 0.1300 mm; actual 0.0962 mm)
    Rule: board setup constraints; error
    @(84.3660 mm, 132.8700 mm): PTH pad [GND] of U6
[annular_width]: Annular width (board setup constraints min annular width 0.1300 mm; actual 0.0962 mm)
    Rule: board setup constraints; error
    @(83.5960 mm, 132.1200 mm): PTH pad [GND] of U6
[annular_width]: Annular width (board setup constraints min annular width 0.1300 mm; actual -0.0032 mm)
    Rule: board setup constraints; error
    @(97.1560 mm, 107.3600 mm): PTH pad [<no net>] of J7
[annular_width]: Annular width (board setup constraints min annular width 0.1300 mm; actual -0.0032 mm)
    Rule: board setup constraints; error
    @(91.3560 mm, 107.3600 mm): PTH pad [<no net>] of J7
[clearance]: Clearance violation (netclass 'Power_Med' clearance 0.2000 mm; actual 0.1500 mm)
    Rule: netclass 'Power_Med'; error
    @(85.3260 mm, 135.1500 mm): Pad 2 [/Power Management/VSYS_SENSE] of U6 on F.Cu
    @(85.3260 mm, 134.6500 mm): Via [/Power Management/BOOST_FSW] on F.Cu - B.Cu
[clearance]: Clearance violation (netclass 'Power_Med' clearance 0.2000 mm; actual 0.1950 mm)
    Rule: netclass 'Power_Med'; error
    @(97.0860 mm, 120.1800 mm): Pad 20 [/Power Management/BQ_SW] of U5 on F.Cu
    @(96.7605 mm, 119.3929 mm): Via [/Power Management/BQ_BTST] on F.Cu - B.Cu
[clearance]: Clearance violation (netclass 'Default' clearance 0.2000 mm; actual 0.1684 mm)
    Rule: netclass 'Default'; error
    @(84.3460 mm, 135.5800 mm): Pad 1 [/Power Management/BOOST_VCC] of U6 on F.Cu
    @(83.5960 mm, 133.4000 mm): Pad 21 [GND] of U6 on F.Cu
[clearance]: Clearance violation (netclass 'Default' clearance 0.2000 mm; actual 0.1714 mm)
    Rule: netclass 'Default'; error
    @(84.3460 mm, 131.2200 mm): Pad 10 [/Power Management/BOOST_SS] of U6 on F.Cu
    @(83.5960 mm, 133.4000 mm): Pad 21 [GND] of U6 on F.Cu
[clearance]: Clearance violation (netclass 'Default' clearance 0.2000 mm; actual 0.1850 mm)
    Rule: netclass 'Default'; error
    @(97.1560 mm, 107.3600 mm): PTH pad [<no net>] of J7
    @(97.4560 mm, 108.6200 mm): Pad A1B12 [GND] of J7 on F.Cu
[hole_clearance]: Hole clearance violation (board setup constraints hole clearance 0.2500 mm; actual 0.2170 mm)
    Rule: board setup constraints hole; error
    @(97.1560 mm, 107.3600 mm): PTH pad [<no net>] of J7
    @(96.6560 mm, 108.6200 mm): Pad A4B9 [/Power Management/VBUS_RAW] of J7 on F.Cu
[hole_clearance]: Hole clearance violation (board setup constraints hole clearance 0.2500 mm; actual 0.2170 mm)
    Rule: board setup constraints hole; error
    @(91.3560 mm, 107.3600 mm): PTH pad [<no net>] of J7
    @(91.8560 mm, 108.6200 mm): Pad B4A9 [/Power Management/VBUS_RAW] of J7 on F.Cu
[clearance]: Clearance violation (netclass 'Default' clearance 0.2000 mm; actual 0.1850 mm)
    Rule: netclass 'Default'; error
    @(91.3560 mm, 107.3600 mm): PTH pad [<no net>] of J7
    @(91.0560 mm, 108.6200 mm): Pad B1A12 [GND] of J7 on F.Cu
[clearance]: Clearance violation (netclass 'Default' clearance 0.2000 mm; actual 0.1800 mm)
    Rule: netclass 'Default'; error
    @(89.9260 mm, 107.8600 mm): PTH pad 1 [<no net>] of J7
    @(91.0560 mm, 108.6200 mm): Pad B1A12 [GND] of J7 on F.Cu
[clearance]: Clearance violation (netclass 'Default' clearance 0.2000 mm; actual 0.1800 mm)
    Rule: netclass 'Default'; error
    @(98.5860 mm, 107.8600 mm): PTH pad 4 [<no net>] of J7
    @(97.4560 mm, 108.6200 mm): Pad A1B12 [GND] of J7 on F.Cu
[clearance]: Clearance violation (netclass 'Power_Med' clearance 0.2000 mm; actual 0.1000 mm)
    Rule: netclass 'Power_Med'; error
    @(97.4560 mm, 108.6200 mm): Pad A1B12 [GND] of J7 on F.Cu
    @(96.6560 mm, 108.6200 mm): Pad A4B9 [/Power Management/VBUS_RAW] of J7 on F.Cu
[clearance]: Clearance violation (netclass 'Power_Med' clearance 0.2000 mm; actual 0.1500 mm)
    Rule: netclass 'Power_Med'; error
    @(96.6560 mm, 108.6200 mm): Pad A4B9 [/Power Management/VBUS_RAW] of J7 on F.Cu
    @(96.0060 mm, 108.6200 mm): Pad B8 [unconnected-(J7-SBU2-PadB8)] of J7 on F.Cu
[clearance]: Clearance violation (netclass 'Power_Med' clearance 0.2000 mm; actual 0.1000 mm)
    Rule: netclass 'Power_Med'; error
    @(91.0560 mm, 108.6200 mm): Pad B1A12 [GND] of J7 on F.Cu
    @(91.8560 mm, 108.6200 mm): Pad B4A9 [/Power Management/VBUS_RAW] of J7 on F.Cu
[clearance]: Clearance violation (netclass 'Power_Med' clearance 0.2000 mm; actual 0.1500 mm)
    Rule: netclass 'Power_Med'; error
    @(91.8560 mm, 108.6200 mm): Pad B4A9 [/Power Management/VBUS_RAW] of J7 on F.Cu
    @(92.5060 mm, 108.6200 mm): Pad B5 [/Power Management/CC2] of J7 on F.Cu

** Found 0 unconnected pads **

** Found 0 Footprint errors **

** End of Report **
