=== KiCad Netlist to JSON Export Log ===
[2025-10-21 12:19:45] Script started
[2025-10-21 12:19:45] Python version: 3.9.6 (default, Aug  8 2025, 19:06:38) 
[Clang 17.0.0 (clang-1700.3.19.1)]
[2025-10-21 12:19:45] Command line args: ['/Applications/KiCad/KiCad.app/Contents/SharedSupport/plugins/convert_netlist_to_json.py', '/Users/marcocleirigh/Workspace/motion-play/hardware/pcb-sensor/kicad/netlist/motion-play-sensor-strip_5-4.xml', '/Users/marcocleirigh/Workspace/motion-play/hardware/pcb-sensor/kicad/netlist/motion-play-sensor-strip_5-4']
[2025-10-21 12:19:45] Current working directory: /Users/marcocleirigh/Workspace/motion-play/hardware/pcb-sensor/kicad
[2025-10-21 12:19:45] Script location: /Applications/KiCad/KiCad.app/Contents/SharedSupport/plugins/convert_netlist_to_json.py
[2025-10-21 12:19:45] Input file: /Users/marcocleirigh/Workspace/motion-play/hardware/pcb-sensor/kicad/netlist/motion-play-sensor-strip_5-4.xml
[2025-10-21 12:19:45] Output file: /Users/marcocleirigh/Workspace/motion-play/hardware/pcb-sensor/kicad/netlist/motion-play-sensor-strip_5-4.json
[2025-10-21 12:19:45] Input file exists, size: 44899 bytes
[2025-10-21 12:19:45] Setting up import paths...
[2025-10-21 12:19:45] Added to sys.path: /Applications/KiCad/KiCad.app/Contents/SharedSupport/plugins/
[2025-10-21 12:19:45] Added to sys.path: /Users/marcocleirigh/Workspace/motion-play/hardware/pcb-sensor/kicad/netlist
[2025-10-21 12:19:45] Full sys.path: ['/Users/marcocleirigh/Workspace/motion-play/hardware/pcb-sensor/kicad/netlist', '/Applications/KiCad/KiCad.app/Contents/SharedSupport/plugins/', '/Applications/KiCad/KiCad.app/Contents/SharedSupport/plugins', '/Applications/KiCad/KiCad.app/Contents/SharedSupport/scripting', '/Applications/KiCad/KiCad.app/Contents/Frameworks/Python.framework/Versions/3.9/lib/python3.9/site-packages', '/Applications/KiCad/KiCad.app/Contents/Frameworks/Python.framework/Versions/Current/lib/python39.zip', '/Applications/KiCad/KiCad.app/Contents/Frameworks/Python.framework/Versions/Current/lib/python3.9', '/Applications/KiCad/KiCad.app/Contents/Frameworks/Python.framework/Versions/Current/lib/python3.9/lib-dynload', '/Applications/KiCad/KiCad.app/Contents/Frameworks/Python.framework/Versions/Current/lib/python3.9/site-packages']
[2025-10-21 12:19:45] Attempting to import kicad_netlist_reader...
[2025-10-21 12:19:45] Successfully imported kicad_netlist_reader
[2025-10-21 12:19:45] Module location: /Applications/KiCad/KiCad.app/Contents/SharedSupport/plugins/kicad_netlist_reader.py
[2025-10-21 12:19:45] Loading netlist...
[2025-10-21 12:19:46] Successfully created netlist object
[2025-10-21 12:19:46] Building JSON structure...
[2025-10-21 12:19:46] Got components using .components
[2025-10-21 12:19:46] Processed 29 components
[2025-10-21 12:19:46] Got 23 nets using getNets()
[2025-10-21 12:19:46] First net object type: <class 'kicad_netlist_reader.xmlElement'>
[2025-10-21 12:19:46] First net dir (first 30): ['__class__', '__delattr__', '__dict__', '__dir__', '__doc__', '__eq__', '__format__', '__ge__', '__getattribute__', '__gt__', '__hash__', '__init__', '__init_subclass__', '__le__', '__lt__', '__module__', '__ne__', '__new__', '__reduce__', '__reduce_ex__', '__repr__', '__setattr__', '__sizeof__', '__str__', '__subclasshook__', '__weakref__', 'addAttribute', 'addChars', 'addChild', 'attributes']
[2025-10-21 12:19:46] net.name = net (type: str)
[2025-10-21 12:19:46] net.children = [<kicad_netlist_reader.xmlElement object at 0x105a71f70>, <kicad_netlist_reader.xmlElement object at 0x105a71e80>, <kicad_netlist_reader.xmlElement object at 0x105a71e20>, <kicad_netlist_reader.xmlElement object at 0x105a71d90>, <kicad_netlist_reader.xmlElement object at 0x105a71be0>, <kicad_netlist_reader.xmlElement object at 0x105a71640>, <kicad_netlist_reader.xmlElement object at 0x105a715e0>, <kicad_netlist_reader.xmlElement object at 0x105a71580>, <kicad_netlist_reader.xmlElement object at 0x105a71520>, <kicad_netlist_reader.xmlElement object at 0x105a714c0>, <kicad_netlist_reader.xmlElement object at 0x105a71460>, <kicad_netlist_reader.xmlElement object at 0x105a71400>, <kicad_netlist_reader.xmlElement object at 0x105a713a0>, <kicad_netlist_reader.xmlElement object at 0x105a71340>, <kicad_netlist_reader.xmlElement object at 0x105a712e0>, <kicad_netlist_reader.xmlElement object at 0x105a71070>, <kicad_netlist_reader.xmlElement object at 0x105a710d0>, <kicad_netlist_reader.xmlElement object at 0x105a71130>] (type: list)
[2025-10-21 12:19:46] net.attributes = {'code': '1', 'name': '+3.3V', 'class': 'Power,Default'} (type: dict)
[2025-10-21 12:19:46] Processing net '+3.3V' (code: 1) with 18 nodes
[2025-10-21 12:19:46] First node type: <class 'kicad_netlist_reader.xmlElement'>
[2025-10-21 12:19:46] First node dir (first 30): ['__class__', '__delattr__', '__dict__', '__dir__', '__doc__', '__eq__', '__format__', '__ge__', '__getattribute__', '__gt__', '__hash__', '__init__', '__init_subclass__', '__le__', '__lt__', '__module__', '__ne__', '__new__', '__reduce__', '__reduce_ex__', '__repr__', '__setattr__', '__sizeof__', '__str__', '__subclasshook__', '__weakref__', 'addAttribute', 'addChars', 'addChild', 'attributes']
[2025-10-21 12:19:46] node.name = node (type: str)
[2025-10-21 12:19:46] node.attributes = {'ref': 'C1', 'pin': '2', 'pintype': 'passive'} (type: dict)
[2025-10-21 12:19:46] node.children = [] (type: list)
[2025-10-21 12:19:46] Node 1 attributes dict: {'ref': 'C1', 'pin': '2', 'pintype': 'passive'}
[2025-10-21 12:19:46] Node 1 extracted: ref=C1, pin=2, pinfunction=, pintype=passive, net=+3.3V
[2025-10-21 12:19:46] Node 2 attributes dict: {'ref': 'C2', 'pin': '2', 'pintype': 'passive'}
[2025-10-21 12:19:46] Node 2 extracted: ref=C2, pin=2, pinfunction=, pintype=passive, net=+3.3V
[2025-10-21 12:19:46] Node 3 attributes dict: {'ref': 'C6', 'pin': '1', 'pintype': 'passive'}
[2025-10-21 12:19:46] Node 3 extracted: ref=C6, pin=1, pinfunction=, pintype=passive, net=+3.3V
[2025-10-21 12:19:46] Node 4 attributes dict: {'ref': 'C7', 'pin': '1', 'pintype': 'passive'}
[2025-10-21 12:19:46] Node 4 extracted: ref=C7, pin=1, pinfunction=, pintype=passive, net=+3.3V
[2025-10-21 12:19:46] Node 5 attributes dict: {'ref': 'IC1', 'pin': '3', 'pinfunction': 'VDD', 'pintype': 'passive'}
[2025-10-21 12:19:46] Node 5 extracted: ref=IC1, pin=3, pinfunction=VDD, pintype=passive, net=+3.3V
[2025-10-21 12:19:46] Processing net 'GND' (code: 2) with 19 nodes
[2025-10-21 12:19:46] Processed 23 nets with 84 total nodes
[2025-10-21 12:19:46] Built JSON structure with 29 components and 23 nets
[2025-10-21 12:19:46] Writing output to: /Users/marcocleirigh/Workspace/motion-play/hardware/pcb-sensor/kicad/netlist/motion-play-sensor-strip_5-4.json
[2025-10-21 12:19:46] Successfully wrote 28126 bytes to /Users/marcocleirigh/Workspace/motion-play/hardware/pcb-sensor/kicad/netlist/motion-play-sensor-strip_5-4.json
[2025-10-21 12:19:46] Output file verified to exist
[2025-10-21 12:19:46] Generating BOM JSON (LCSC-focused)...
[2025-10-21 12:19:46] Successfully wrote LCSC BOM to /Users/marcocleirigh/Workspace/motion-play/hardware/pcb-sensor/kicad/netlist/motion-play-sensor-strip_5-4_bom_lcsc.json
[2025-10-21 12:19:46] BOM contains 10 unique LCSC parts
[2025-10-21 12:19:46] Found 2 component groups without LCSC parts
[2025-10-21 12:19:46] BOM generation complete: /Users/marcocleirigh/Workspace/motion-play/hardware/pcb-sensor/kicad/netlist/motion-play-sensor-strip_5-4_bom_lcsc.json
[2025-10-21 12:19:46] Script completed successfully
