=== KiCad Netlist to JSON Export Log ===
[2025-09-12 13:26:56] Script started
[2025-09-12 13:26:56] Python version: 3.9.6 (default, Apr 30 2025, 02:07:18) 
[Clang 17.0.0 (clang-1700.0.13.5)]
[2025-09-12 13:26:56] Command line args: ['/Applications/KiCad/KiCad.app/Contents/SharedSupport/plugins/convert_netlist_to_json.py', '/Users/marcocleirigh/Workspace/motion-play/hardware/pcb-main/kicad/netlists/motion-play-main-netlist.xml', '/Users/marcocleirigh/Workspace/motion-play/hardware/pcb-main/kicad/netlists/motion-play-main-netlist']
[2025-09-12 13:26:56] Current working directory: /Users/marcocleirigh/Workspace/motion-play/hardware/pcb-main/kicad
[2025-09-12 13:26:56] Script location: /Applications/KiCad/KiCad.app/Contents/SharedSupport/plugins/convert_netlist_to_json.py
[2025-09-12 13:26:56] Input file: /Users/marcocleirigh/Workspace/motion-play/hardware/pcb-main/kicad/netlists/motion-play-main-netlist.xml
[2025-09-12 13:26:56] Output file: /Users/marcocleirigh/Workspace/motion-play/hardware/pcb-main/kicad/netlists/motion-play-main-netlist.json
[2025-09-12 13:26:56] Input file exists, size: 62902 bytes
[2025-09-12 13:26:56] Setting up import paths...
[2025-09-12 13:26:56] Added to sys.path: /Applications/KiCad/KiCad.app/Contents/SharedSupport/plugins/
[2025-09-12 13:26:56] Added to sys.path: /Users/marcocleirigh/Workspace/motion-play/hardware/pcb-main/kicad/netlists
[2025-09-12 13:26:56] Full sys.path: ['/Users/marcocleirigh/Workspace/motion-play/hardware/pcb-main/kicad/netlists', '/Applications/KiCad/KiCad.app/Contents/SharedSupport/plugins/', '/Applications/KiCad/KiCad.app/Contents/SharedSupport/plugins', '/Applications/KiCad/KiCad.app/Contents/SharedSupport/scripting', '/Applications/KiCad/KiCad.app/Contents/Frameworks/Python.framework/Versions/3.9/lib/python3.9/site-packages', '/Applications/KiCad/KiCad.app/Contents/Frameworks/Python.framework/Versions/Current/lib/python39.zip', '/Applications/KiCad/KiCad.app/Contents/Frameworks/Python.framework/Versions/Current/lib/python3.9', '/Applications/KiCad/KiCad.app/Contents/Frameworks/Python.framework/Versions/Current/lib/python3.9/lib-dynload', '/Applications/KiCad/KiCad.app/Contents/Frameworks/Python.framework/Versions/Current/lib/python3.9/site-packages']
[2025-09-12 13:26:56] Attempting to import kicad_netlist_reader...
[2025-09-12 13:26:56] Successfully imported kicad_netlist_reader
[2025-09-12 13:26:56] Module location: /Applications/KiCad/KiCad.app/Contents/SharedSupport/plugins/kicad_netlist_reader.py
[2025-09-12 13:26:56] Loading netlist...
[2025-09-12 13:26:56] Successfully created netlist object
[2025-09-12 13:26:56] Building JSON structure...
[2025-09-12 13:26:56] Got components using .components
[2025-09-12 13:26:56] Processed 35 components
[2025-09-12 13:26:56] Got 48 nets using getNets()
[2025-09-12 13:26:56] First net object type: <class 'kicad_netlist_reader.xmlElement'>
[2025-09-12 13:26:56] First net dir (first 30): ['__class__', '__delattr__', '__dict__', '__dir__', '__doc__', '__eq__', '__format__', '__ge__', '__getattribute__', '__gt__', '__hash__', '__init__', '__init_subclass__', '__le__', '__lt__', '__module__', '__ne__', '__new__', '__reduce__', '__reduce_ex__', '__repr__', '__setattr__', '__sizeof__', '__str__', '__subclasshook__', '__weakref__', 'addAttribute', 'addChars', 'addChild', 'attributes']
[2025-09-12 13:26:56] net.name = net (type: str)
[2025-09-12 13:26:56] net.children = [<kicad_netlist_reader.xmlElement object at 0x10e3a4ca0>, <kicad_netlist_reader.xmlElement object at 0x10e3a4c40>, <kicad_netlist_reader.xmlElement object at 0x10e3a4100>, <kicad_netlist_reader.xmlElement object at 0x10e3a40a0>, <kicad_netlist_reader.xmlElement object at 0x10e3a4040>, <kicad_netlist_reader.xmlElement object at 0x10e3a4340>, <kicad_netlist_reader.xmlElement object at 0x10e3a4dc0>, <kicad_netlist_reader.xmlElement object at 0x10e3a43a0>, <kicad_netlist_reader.xmlElement object at 0x10e3a4430>, <kicad_netlist_reader.xmlElement object at 0x10e3a4490>, <kicad_netlist_reader.xmlElement object at 0x10e3a44f0>] (type: list)
[2025-09-12 13:26:56] net.attributes = {'code': '1', 'name': '+3.3V', 'class': 'Default'} (type: dict)
[2025-09-12 13:26:56] Processing net '+3.3V' (code: 1) with 11 nodes
[2025-09-12 13:26:56] First node type: <class 'kicad_netlist_reader.xmlElement'>
[2025-09-12 13:26:56] First node dir (first 30): ['__class__', '__delattr__', '__dict__', '__dir__', '__doc__', '__eq__', '__format__', '__ge__', '__getattribute__', '__gt__', '__hash__', '__init__', '__init_subclass__', '__le__', '__lt__', '__module__', '__ne__', '__new__', '__reduce__', '__reduce_ex__', '__repr__', '__setattr__', '__sizeof__', '__str__', '__subclasshook__', '__weakref__', 'addAttribute', 'addChars', 'addChild', 'attributes']
[2025-09-12 13:26:56] node.name = node (type: str)
[2025-09-12 13:26:56] node.attributes = {'ref': 'C10', 'pin': '2', 'pintype': 'passive'} (type: dict)
[2025-09-12 13:26:56] node.children = [] (type: list)
[2025-09-12 13:26:56] Node 1 attributes dict: {'ref': 'C10', 'pin': '2', 'pintype': 'passive'}
[2025-09-12 13:26:56] Node 1 extracted: ref=C10, pin=2, pinfunction=, pintype=passive, net=+3.3V
[2025-09-12 13:26:56] Node 2 attributes dict: {'ref': 'C2', 'pin': '2', 'pintype': 'passive'}
[2025-09-12 13:26:56] Node 2 extracted: ref=C2, pin=2, pinfunction=, pintype=passive, net=+3.3V
[2025-09-12 13:26:56] Node 3 attributes dict: {'ref': 'C9', 'pin': '2', 'pintype': 'passive'}
[2025-09-12 13:26:56] Node 3 extracted: ref=C9, pin=2, pinfunction=, pintype=passive, net=+3.3V
[2025-09-12 13:26:56] Node 4 attributes dict: {'ref': 'J4', 'pin': '1', 'pinfunction': 'Pin_1', 'pintype': 'passive'}
[2025-09-12 13:26:56] Node 4 extracted: ref=J4, pin=1, pinfunction=Pin_1, pintype=passive, net=+3.3V
[2025-09-12 13:26:56] Node 5 attributes dict: {'ref': 'J5', 'pin': '1', 'pinfunction': 'Pin_1', 'pintype': 'passive'}
[2025-09-12 13:26:56] Node 5 extracted: ref=J5, pin=1, pinfunction=Pin_1, pintype=passive, net=+3.3V
[2025-09-12 13:26:56] Processing net '+5V' (code: 2) with 7 nodes
[2025-09-12 13:26:56] Processed 48 nets with 123 total nodes
[2025-09-12 13:26:56] Built JSON structure with 35 components and 48 nets
[2025-09-12 13:26:56] Writing output to: /Users/marcocleirigh/Workspace/motion-play/hardware/pcb-main/kicad/netlists/motion-play-main-netlist.json
[2025-09-12 13:26:56] Successfully wrote 42723 bytes to /Users/marcocleirigh/Workspace/motion-play/hardware/pcb-main/kicad/netlists/motion-play-main-netlist.json
[2025-09-12 13:26:56] Output file verified to exist
[2025-09-12 13:26:56] Generating BOM JSON (LCSC-focused)...
[2025-09-12 13:26:56] Successfully wrote LCSC BOM to /Users/marcocleirigh/Workspace/motion-play/hardware/pcb-main/kicad/netlists/motion-play-main-netlist_bom_lcsc.json
[2025-09-12 13:26:56] BOM contains 13 unique LCSC parts
[2025-09-12 13:26:56] Found 3 component groups without LCSC parts
[2025-09-12 13:26:56] BOM generation complete: /Users/marcocleirigh/Workspace/motion-play/hardware/pcb-main/kicad/netlists/motion-play-main-netlist_bom_lcsc.json
[2025-09-12 13:26:56] Script completed successfully
