=== KiCad Netlist to JSON Export Log ===
[2025-09-02 14:19:55] Script started
[2025-09-02 14:19:55] Python version: 3.9.6 (default, Nov 11 2024, 03:15:39) 
[Clang 16.0.0 (clang-1600.0.26.6)]
[2025-09-02 14:19:55] Command line args: ['/Applications/KiCad/KiCad.app/Contents/SharedSupport/plugins/convert_netlist_to_json.py', '/Users/marcocleirigh/Workspace/motion-play-kicad/motion-play-main/netlists/motion-play-v3-netlist.xml', '/Users/marcocleirigh/Workspace/motion-play-kicad/motion-play-main/netlists/motion-play-v3-netlist']
[2025-09-02 14:19:55] Current working directory: /Users/marcocleirigh/Workspace/motion-play-kicad/motion-play-main
[2025-09-02 14:19:55] Script location: /Applications/KiCad/KiCad.app/Contents/SharedSupport/plugins/convert_netlist_to_json.py
[2025-09-02 14:19:55] Input file: /Users/marcocleirigh/Workspace/motion-play-kicad/motion-play-main/netlists/motion-play-v3-netlist.xml
[2025-09-02 14:19:55] Output file: /Users/marcocleirigh/Workspace/motion-play-kicad/motion-play-main/netlists/motion-play-v3-netlist.json
[2025-09-02 14:19:55] Input file exists, size: 80996 bytes
[2025-09-02 14:19:55] Setting up import paths...
[2025-09-02 14:19:55] Added to sys.path: /Applications/KiCad/KiCad.app/Contents/SharedSupport/plugins/
[2025-09-02 14:19:55] Added to sys.path: /Users/marcocleirigh/Workspace/motion-play-kicad/motion-play-main/netlists
[2025-09-02 14:19:55] Full sys.path: ['/Users/marcocleirigh/Workspace/motion-play-kicad/motion-play-main/netlists', '/Applications/KiCad/KiCad.app/Contents/SharedSupport/plugins/', '/Applications/KiCad/KiCad.app/Contents/SharedSupport/plugins', '/Applications/KiCad/KiCad.app/Contents/SharedSupport/scripting', '/Applications/KiCad/KiCad.app/Contents/Frameworks/Python.framework/Versions/3.9/lib/python3.9/site-packages', '/Applications/KiCad/KiCad.app/Contents/Frameworks/Python.framework/Versions/Current/lib/python39.zip', '/Applications/KiCad/KiCad.app/Contents/Frameworks/Python.framework/Versions/Current/lib/python3.9', '/Applications/KiCad/KiCad.app/Contents/Frameworks/Python.framework/Versions/Current/lib/python3.9/lib-dynload', '/Applications/KiCad/KiCad.app/Contents/Frameworks/Python.framework/Versions/Current/lib/python3.9/site-packages']
[2025-09-02 14:19:55] Attempting to import kicad_netlist_reader...
[2025-09-02 14:19:55] Successfully imported kicad_netlist_reader
[2025-09-02 14:19:55] Module location: /Applications/KiCad/KiCad.app/Contents/SharedSupport/plugins/kicad_netlist_reader.py
[2025-09-02 14:19:55] Loading netlist...
[2025-09-02 14:19:55] Successfully created netlist object
[2025-09-02 14:19:55] Building JSON structure...
[2025-09-02 14:19:55] Got components using .components
[2025-09-02 14:19:55] Processed 56 components
[2025-09-02 14:19:55] Got 52 nets using getNets()
[2025-09-02 14:19:55] First net object type: <class 'kicad_netlist_reader.xmlElement'>
[2025-09-02 14:19:55] First net dir (first 30): ['__class__', '__delattr__', '__dict__', '__dir__', '__doc__', '__eq__', '__format__', '__ge__', '__getattribute__', '__gt__', '__hash__', '__init__', '__init_subclass__', '__le__', '__lt__', '__module__', '__ne__', '__new__', '__reduce__', '__reduce_ex__', '__repr__', '__setattr__', '__sizeof__', '__str__', '__subclasshook__', '__weakref__', 'addAttribute', 'addChars', 'addChild', 'attributes']
[2025-09-02 14:19:55] net.name = net (type: str)
[2025-09-02 14:19:55] net.children = [<kicad_netlist_reader.xmlElement object at 0x10444bb80>, <kicad_netlist_reader.xmlElement object at 0x10444bb20>, <kicad_netlist_reader.xmlElement object at 0x10444bac0>, <kicad_netlist_reader.xmlElement object at 0x10444ba60>, <kicad_netlist_reader.xmlElement object at 0x10444ba00>, <kicad_netlist_reader.xmlElement object at 0x10444b940>, <kicad_netlist_reader.xmlElement object at 0x10444b880>, <kicad_netlist_reader.xmlElement object at 0x10444b580>, <kicad_netlist_reader.xmlElement object at 0x10444b190>, <kicad_netlist_reader.xmlElement object at 0x10444b1f0>, <kicad_netlist_reader.xmlElement object at 0x10444b250>, <kicad_netlist_reader.xmlElement object at 0x10444b2b0>] (type: list)
[2025-09-02 14:19:55] net.attributes = {'code': '1', 'name': '/+3.3V', 'class': 'Default'} (type: dict)
[2025-09-02 14:19:55] Processing net '/+3.3V' (code: 1) with 12 nodes
[2025-09-02 14:19:55] First node type: <class 'kicad_netlist_reader.xmlElement'>
[2025-09-02 14:19:55] First node dir (first 30): ['__class__', '__delattr__', '__dict__', '__dir__', '__doc__', '__eq__', '__format__', '__ge__', '__getattribute__', '__gt__', '__hash__', '__init__', '__init_subclass__', '__le__', '__lt__', '__module__', '__ne__', '__new__', '__reduce__', '__reduce_ex__', '__repr__', '__setattr__', '__sizeof__', '__str__', '__subclasshook__', '__weakref__', 'addAttribute', 'addChars', 'addChild', 'attributes']
[2025-09-02 14:19:55] node.name = node (type: str)
[2025-09-02 14:19:55] node.attributes = {'ref': 'C2', 'pin': '1', 'pintype': 'passive'} (type: dict)
[2025-09-02 14:19:55] node.children = [] (type: list)
[2025-09-02 14:19:55] Node 1 attributes dict: {'ref': 'C2', 'pin': '1', 'pintype': 'passive'}
[2025-09-02 14:19:55] Node 1 extracted: ref=C2, pin=1, pinfunction=, pintype=passive, net=/+3.3V
[2025-09-02 14:19:55] Node 2 attributes dict: {'ref': 'C4', 'pin': '1', 'pintype': 'passive'}
[2025-09-02 14:19:55] Node 2 extracted: ref=C4, pin=1, pinfunction=, pintype=passive, net=/+3.3V
[2025-09-02 14:19:55] Node 3 attributes dict: {'ref': 'J10', 'pin': '1', 'pinfunction': 'Pin_1', 'pintype': 'passive'}
[2025-09-02 14:19:55] Node 3 extracted: ref=J10, pin=1, pinfunction=Pin_1, pintype=passive, net=/+3.3V
[2025-09-02 14:19:55] Node 4 attributes dict: {'ref': 'R3', 'pin': '1', 'pintype': 'passive'}
[2025-09-02 14:19:55] Node 4 extracted: ref=R3, pin=1, pinfunction=, pintype=passive, net=/+3.3V
[2025-09-02 14:19:55] Node 5 attributes dict: {'ref': 'R4', 'pin': '1', 'pintype': 'passive'}
[2025-09-02 14:19:55] Node 5 extracted: ref=R4, pin=1, pinfunction=, pintype=passive, net=/+3.3V
[2025-09-02 14:19:55] Processing net '/+5V' (code: 2) with 5 nodes
[2025-09-02 14:19:55] Processed 52 nets with 144 total nodes
[2025-09-02 14:19:55] Built JSON structure with 56 components and 52 nets
[2025-09-02 14:19:55] Writing output to: /Users/marcocleirigh/Workspace/motion-play-kicad/motion-play-main/netlists/motion-play-v3-netlist.json
[2025-09-02 14:19:55] Successfully wrote 50059 bytes to /Users/marcocleirigh/Workspace/motion-play-kicad/motion-play-main/netlists/motion-play-v3-netlist.json
[2025-09-02 14:19:55] Output file verified to exist
[2025-09-02 14:19:55] Script completed successfully
