=== KiCad Netlist to JSON Export Log ===
[2025-09-07 11:10:04] Script started
[2025-09-07 11:10:04] Python version: 3.9.6 (default, Nov 11 2024, 03:15:39) 
[Clang 16.0.0 (clang-1600.0.26.6)]
[2025-09-07 11:10:04] Command line args: ['/Applications/KiCad/KiCad.app/Contents/SharedSupport/plugins/convert_netlist_to_json.py', '/Users/marcocleirigh/Workspace/motion-play/hardware/pcb-main/kicad/netlists/motion-play-main-v5.xml', '/Users/marcocleirigh/Workspace/motion-play/hardware/pcb-main/kicad/netlists/motion-play-main-v5']
[2025-09-07 11:10:04] Current working directory: /Users/marcocleirigh/Workspace/motion-play/hardware/pcb-main/kicad
[2025-09-07 11:10:04] Script location: /Applications/KiCad/KiCad.app/Contents/SharedSupport/plugins/convert_netlist_to_json.py
[2025-09-07 11:10:04] Input file: /Users/marcocleirigh/Workspace/motion-play/hardware/pcb-main/kicad/netlists/motion-play-main-v5.xml
[2025-09-07 11:10:04] Output file: /Users/marcocleirigh/Workspace/motion-play/hardware/pcb-main/kicad/netlists/motion-play-main-v5.json
[2025-09-07 11:10:04] Input file exists, size: 75320 bytes
[2025-09-07 11:10:04] Setting up import paths...
[2025-09-07 11:10:04] Added to sys.path: /Applications/KiCad/KiCad.app/Contents/SharedSupport/plugins/
[2025-09-07 11:10:04] Added to sys.path: /Users/marcocleirigh/Workspace/motion-play/hardware/pcb-main/kicad/netlists
[2025-09-07 11:10:04] Full sys.path: ['/Users/marcocleirigh/Workspace/motion-play/hardware/pcb-main/kicad/netlists', '/Applications/KiCad/KiCad.app/Contents/SharedSupport/plugins/', '/Applications/KiCad/KiCad.app/Contents/SharedSupport/plugins', '/Applications/KiCad/KiCad.app/Contents/SharedSupport/scripting', '/Applications/KiCad/KiCad.app/Contents/Frameworks/Python.framework/Versions/3.9/lib/python3.9/site-packages', '/Applications/KiCad/KiCad.app/Contents/Frameworks/Python.framework/Versions/Current/lib/python39.zip', '/Applications/KiCad/KiCad.app/Contents/Frameworks/Python.framework/Versions/Current/lib/python3.9', '/Applications/KiCad/KiCad.app/Contents/Frameworks/Python.framework/Versions/Current/lib/python3.9/lib-dynload', '/Applications/KiCad/KiCad.app/Contents/Frameworks/Python.framework/Versions/Current/lib/python3.9/site-packages']
[2025-09-07 11:10:04] Attempting to import kicad_netlist_reader...
[2025-09-07 11:10:04] Successfully imported kicad_netlist_reader
[2025-09-07 11:10:04] Module location: /Applications/KiCad/KiCad.app/Contents/SharedSupport/plugins/kicad_netlist_reader.py
[2025-09-07 11:10:04] Loading netlist...
[2025-09-07 11:10:05] Successfully created netlist object
[2025-09-07 11:10:05] Building JSON structure...
[2025-09-07 11:10:05] Got components using .components
[2025-09-07 11:10:05] Processed 47 components
[2025-09-07 11:10:05] Got 55 nets using getNets()
[2025-09-07 11:10:05] First net object type: <class 'kicad_netlist_reader.xmlElement'>
[2025-09-07 11:10:05] First net dir (first 30): ['__class__', '__delattr__', '__dict__', '__dir__', '__doc__', '__eq__', '__format__', '__ge__', '__getattribute__', '__gt__', '__hash__', '__init__', '__init_subclass__', '__le__', '__lt__', '__module__', '__ne__', '__new__', '__reduce__', '__reduce_ex__', '__repr__', '__setattr__', '__sizeof__', '__str__', '__subclasshook__', '__weakref__', 'addAttribute', 'addChars', 'addChild', 'attributes']
[2025-09-07 11:10:05] net.name = net (type: str)
[2025-09-07 11:10:05] net.children = [<kicad_netlist_reader.xmlElement object at 0x10afdf1f0>, <kicad_netlist_reader.xmlElement object at 0x10afdf310>, <kicad_netlist_reader.xmlElement object at 0x10afdf520>, <kicad_netlist_reader.xmlElement object at 0x10afdf580>, <kicad_netlist_reader.xmlElement object at 0x10afdf5e0>, <kicad_netlist_reader.xmlElement object at 0x10afdf640>, <kicad_netlist_reader.xmlElement object at 0x10afdf250>, <kicad_netlist_reader.xmlElement object at 0x10afdf2b0>, <kicad_netlist_reader.xmlElement object at 0x10ae96a60>, <kicad_netlist_reader.xmlElement object at 0x10ae96880>, <kicad_netlist_reader.xmlElement object at 0x10ae968e0>, <kicad_netlist_reader.xmlElement object at 0x10ae96940>, <kicad_netlist_reader.xmlElement object at 0x10ae96190>, <kicad_netlist_reader.xmlElement object at 0x10ae961f0>] (type: list)
[2025-09-07 11:10:05] net.attributes = {'code': '1', 'name': '+3.3V', 'class': 'Default'} (type: dict)
[2025-09-07 11:10:05] Processing net '+3.3V' (code: 1) with 14 nodes
[2025-09-07 11:10:05] First node type: <class 'kicad_netlist_reader.xmlElement'>
[2025-09-07 11:10:05] First node dir (first 30): ['__class__', '__delattr__', '__dict__', '__dir__', '__doc__', '__eq__', '__format__', '__ge__', '__getattribute__', '__gt__', '__hash__', '__init__', '__init_subclass__', '__le__', '__lt__', '__module__', '__ne__', '__new__', '__reduce__', '__reduce_ex__', '__repr__', '__setattr__', '__sizeof__', '__str__', '__subclasshook__', '__weakref__', 'addAttribute', 'addChars', 'addChild', 'attributes']
[2025-09-07 11:10:05] node.name = node (type: str)
[2025-09-07 11:10:05] node.attributes = {'ref': 'C10', 'pin': '2', 'pintype': 'passive'} (type: dict)
[2025-09-07 11:10:05] node.children = [] (type: list)
[2025-09-07 11:10:05] Node 1 attributes dict: {'ref': 'C10', 'pin': '2', 'pintype': 'passive'}
[2025-09-07 11:10:05] Node 1 extracted: ref=C10, pin=2, pinfunction=, pintype=passive, net=+3.3V
[2025-09-07 11:10:05] Node 2 attributes dict: {'ref': 'C2', 'pin': '1', 'pintype': 'passive'}
[2025-09-07 11:10:05] Node 2 extracted: ref=C2, pin=1, pinfunction=, pintype=passive, net=+3.3V
[2025-09-07 11:10:05] Node 3 attributes dict: {'ref': 'C2A1', 'pin': '2', 'pintype': 'passive'}
[2025-09-07 11:10:05] Node 3 extracted: ref=C2A1, pin=2, pinfunction=, pintype=passive, net=+3.3V
[2025-09-07 11:10:05] Node 4 attributes dict: {'ref': 'C5', 'pin': '2', 'pintype': 'passive'}
[2025-09-07 11:10:05] Node 4 extracted: ref=C5, pin=2, pinfunction=, pintype=passive, net=+3.3V
[2025-09-07 11:10:05] Node 5 attributes dict: {'ref': 'C9', 'pin': '2', 'pintype': 'passive'}
[2025-09-07 11:10:05] Node 5 extracted: ref=C9, pin=2, pinfunction=, pintype=passive, net=+3.3V
[2025-09-07 11:10:05] Processing net '+5V' (code: 2) with 8 nodes
[2025-09-07 11:10:05] Processed 55 nets with 151 total nodes
[2025-09-07 11:10:05] Built JSON structure with 47 components and 55 nets
[2025-09-07 11:10:05] Writing output to: /Users/marcocleirigh/Workspace/motion-play/hardware/pcb-main/kicad/netlists/motion-play-main-v5.json
[2025-09-07 11:10:05] Successfully wrote 50830 bytes to /Users/marcocleirigh/Workspace/motion-play/hardware/pcb-main/kicad/netlists/motion-play-main-v5.json
[2025-09-07 11:10:05] Output file verified to exist
[2025-09-07 11:10:05] Script completed successfully
